Test write
[2024-12-26 00:59:12] Debug log initialized at: D:\OneDrive\Sorbonne\IOT\TP4\Code\Website\debug.log
[2024-12-26 00:59:12] Received data: 
[2024-12-26 00:59:12] Action non spécifiée.
Test write
[2024-12-26 00:59:46] Debug log initialized at: D:\OneDrive\Sorbonne\IOT\TP4\Code\Website\debug.log
[2024-12-26 00:59:46] Received data: Array
(
    [action] => register
    [email] => FMT200907@outlook.com
    [password] => 38796653aA
)

Test write
[2024-12-26 01:18:28] Debug log initialized at: D:\OneDrive\Sorbonne\IOT\TP4\Code\Website\debug.log
[2024-12-26 01:18:28] Received data: Array
(
    [action] => register
    [email] => FMT200907@outlook.com
    [password] => 38796653aA
)

[2024-12-26 01:18:28] Table `users` initialized.
[2024-12-26 01:18:28] Inscription réussie pour l'e-mail : FMT200907@outlook.com
Test write
[2024-12-26 01:18:37] Debug log initialized at: D:\OneDrive\Sorbonne\IOT\TP4\Code\Website\debug.log
[2024-12-26 01:18:37] Received data: 
[2024-12-26 01:18:37] Action non spécifiée.
Test write
[2024-12-26 01:18:47] Debug log initialized at: D:\OneDrive\Sorbonne\IOT\TP4\Code\Website\debug.log
[2024-12-26 01:18:47] Received data: Array
(
    [action] => register
    [email] => FMT200907@outlook.com
    [password] => 38796653aA
)

[2024-12-26 01:18:47] Table `users` initialized.
Test write
[2024-12-26 01:18:53] Debug log initialized at: D:\OneDrive\Sorbonne\IOT\TP4\Code\Website\debug.log
[2024-12-26 01:18:53] Received data: Array
(
    [action] => register
    [email] => FMT200907@outlook.com
    [password] => 38796653aA
)

[2024-12-26 01:18:53] Table `users` initialized.
Test write
[2024-12-26 01:29:05] Debug log initialized at: D:\OneDrive\Sorbonne\IOT\TP4\Code\Website\debug.log
[2024-12-26 01:29:05] Received data: Array
(
    [action] => register
    [email] => FMT200907@outlook.com
    [password] => 38796653aA
)

Test write
[2024-12-26 01:29:08] Debug log initialized at: D:\OneDrive\Sorbonne\IOT\TP4\Code\Website\debug.log
[2024-12-26 01:29:08] Received data: 
[2024-12-26 01:29:08] Action non spécifiée.
Test write
[2024-12-26 01:32:20] Debug log initialized at: D:\OneDrive\Sorbonne\IOT\TP4\Code\Website\debug.log
[2024-12-26 01:32:20] Received data: Array
(
    [action] => register
    [email] => FMT200907@outlook.com
    [password] => 38796653aA
)

[2024-12-26 01:32:20] Connexion à MySQL réussie.
[2024-12-26 01:32:20] Table `users` initialized.
[2024-12-26 01:32:21] Email already exists: FMT200907@outlook.com
Test write
[2024-12-26 01:32:44] Debug log initialized at: D:\OneDrive\Sorbonne\IOT\TP4\Code\Website\debug.log
[2024-12-26 01:32:44] Received data: Array
(
    [action] => register
    [email] => FMT200907@outlook.com
    [password] => 38796653aA
)

[2024-12-26 01:32:44] Connexion à MySQL réussie.
[2024-12-26 01:32:44] Table `users` initialized.
[2024-12-26 01:32:44] Email already exists: FMT200907@outlook.com
Test write
[2024-12-26 01:32:51] Debug log initialized at: D:\OneDrive\Sorbonne\IOT\TP4\Code\Website\debug.log
[2024-12-26 01:32:51] Received data: Array
(
    [action] => register
    [email] => FMT200907@outlook.com
    [password] => 38796653aA
)

[2024-12-26 01:32:51] Connexion à MySQL réussie.
[2024-12-26 01:32:51] Table `users` initialized.
[2024-12-26 01:32:51] Email already exists: FMT200907@outlook.com
Test write
[2024-12-26 01:34:33] Debug log initialized at: D:\OneDrive\Sorbonne\IOT\TP4\Code\Website\debug.log
[2024-12-26 01:34:33] Received data: Array
(
    [action] => register
    [email] => FMT200907@outlook.com
    [password] => 38796653aA
)

[2024-12-26 01:34:33] Connexion à MySQL réussie.
[2024-12-26 01:34:33] Table `users` initialized.
[2024-12-26 01:34:33] Email already exists: FMT200907@outlook.com
Test write
[2024-12-26 01:35:26] Debug log initialized at: D:\OneDrive\Sorbonne\IOT\TP4\Code\Website\debug.log
[2024-12-26 01:35:26] Received data: Array
(
    [action] => register
    [email] => FMT200907@outlook.com
    [password] => 38796653aA
)

[2024-12-26 01:35:26] Connexion à MySQL réussie.
[2024-12-26 01:35:26] Table `users` initialized.
[2024-12-26 01:35:26] Email already exists: FMT200907@outlook.com
Test write
[2024-12-26 01:51:29] Debug log initialized at: D:\OneDrive\Sorbonne\IOT\TP4\Code\Website\debug.log
[2024-12-26 01:51:29] Received data: Array
(
    [action] => register
    [email] => FMT200907@outlook.com
    [password] => 38796653aA
)

[2024-12-26 01:51:29] Connexion à MySQL réussie.
[2024-12-26 01:51:29] Table `users` initialized.
[2024-12-26 01:51:29] Email already exists: FMT200907@outlook.com
Test write
[2024-12-26 01:55:50] Test write successful to debug log.
[2024-12-26 01:55:50] Debug log initialized at: D:\OneDrive\Sorbonne\IOT\TP4\Code\Website\debug.log
[2024-12-26 01:55:50] Received data: Array
(
    [action] => register
    [email] => FMT200907@outlook.com
    [password] => 38796653aA
)

[2024-12-26 01:55:50] Connected successfully to MySQL.
[2024-12-26 01:55:50] Connexion à MySQL réussie.
[2024-12-26 01:55:50] Table `users` initialized.
[2024-12-26 01:55:50] Email already exists: FMT200907@outlook.com
Test write
[2024-12-26 01:56:04] Test write successful to debug log.
[2024-12-26 01:56:04] Debug log initialized at: D:\OneDrive\Sorbonne\IOT\TP4\Code\Website\debug.log
[2024-12-26 01:56:04] Received data: 
[2024-12-26 01:56:04] Action non spécifiée.
Test write
[2024-12-26 02:06:16] Test write successful to debug log.
[2024-12-26 02:06:16] Debug log initialized at: D:\OneDrive\Sorbonne\IOT\TP4\Code\Website\debug.log
[2024-12-26 02:06:16] Received data: 
[2024-12-26 02:06:16] Action non spécifiée.
Test write
[2024-12-26 02:08:38] Test write successful to debug log.
[2024-12-26 02:08:38] Debug log initialized at: D:\OneDrive\Sorbonne\IOT\TP4\Code\Website\debug.log
[2024-12-26 02:08:38] Received data: 
[2024-12-26 02:08:38] Action non spécifiée.
Test write
[2024-12-26 02:09:09] Test write successful to debug log.
[2024-12-26 02:09:09] Debug log initialized at: D:\OneDrive\Sorbonne\IOT\TP4\Code\Website\debug.log
[2024-12-26 02:09:09] Received data: 
[2024-12-26 02:09:09] Action non spécifiée.
Test write
[2024-12-26 02:09:12] Test write successful to debug log.
[2024-12-26 02:09:12] Debug log initialized at: D:\OneDrive\Sorbonne\IOT\TP4\Code\Website\debug.log
[2024-12-26 02:09:12] Received data: 
[2024-12-26 02:09:12] Action non spécifiée.
Test write
[2024-12-26 02:09:49] Test write successful to debug log.
[2024-12-26 02:09:49] Debug log initialized at: D:\OneDrive\Sorbonne\IOT\TP4\Code\Website\debug.log
[2024-12-26 02:09:49] Received data: Array
(
    [action] => login
    [email] => FMT200907@outlook.com
    [password] => 38796653aA
)

[2024-12-26 02:09:49] Connected successfully to MySQL.
[2024-12-26 02:09:49] Connexion à MySQL réussie.
[2024-12-26 02:09:49] Table `users` initialized.
[2024-12-26 02:09:49] Connexion réussie pour l'utilisateur : FMT200907@outlook.com
Test write
[2024-12-26 02:10:00] Test write successful to debug log.
[2024-12-26 02:10:00] Debug log initialized at: D:\OneDrive\Sorbonne\IOT\TP4\Code\Website\debug.log
[2024-12-26 02:10:00] Received data: Array
(
    [action] => login
    [email] => FMT200907@outlook.com
    [password] => 38796653aA
)

[2024-12-26 02:10:00] Connected successfully to MySQL.
[2024-12-26 02:10:00] Connexion à MySQL réussie.
[2024-12-26 02:10:00] Table `users` initialized.
[2024-12-26 02:10:00] Connexion réussie pour l'utilisateur : FMT200907@outlook.com
Test write
[2024-12-26 02:14:35] Test write successful to debug log.
[2024-12-26 02:14:35] Debug log initialized at: D:\OneDrive\Sorbonne\IOT\TP4\Code\Website\debug.log
[2024-12-26 02:14:35] Received data: Array
(
    [action] => login
    [email] => FMT200907@outlook.com
    [password] => 38796653aA
)

[2024-12-26 02:14:35] Connected successfully to MySQL.
[2024-12-26 02:14:35] Connexion à MySQL réussie.
[2024-12-26 02:14:35] Table `users` initialized.
[2024-12-26 02:14:35] Connexion réussie pour l'utilisateur : FMT200907@outlook.com
Test write
[2024-12-26 02:15:40] Test write successful to debug log.
[2024-12-26 02:15:40] Debug log initialized at: D:\OneDrive\Sorbonne\IOT\TP4\Code\Website\debug.log
[2024-12-26 02:15:40] Received data: Array
(
    [action] => login
    [email] => FMT200907@outlook.com
    [password] => 38796653aA
)

[2024-12-26 02:15:40] Connected successfully to MySQL.
[2024-12-26 02:15:40] Connexion à MySQL réussie.
[2024-12-26 02:15:40] Table `users` initialized.
[2024-12-26 02:15:40] Connexion réussie pour l'utilisateur : FMT200907@outlook.com
Test write
[2024-12-26 02:15:50] Test write successful to debug log.
[2024-12-26 02:15:50] Debug log initialized at: D:\OneDrive\Sorbonne\IOT\TP4\Code\Website\debug.log
[2024-12-26 02:15:50] Received data: Array
(
    [action] => login
    [email] => FMT200907@outlook.com
    [password] => 38796653aA
)

[2024-12-26 02:15:50] Connected successfully to MySQL.
[2024-12-26 02:15:50] Connexion à MySQL réussie.
[2024-12-26 02:15:50] Table `users` initialized.
[2024-12-26 02:15:50] Connexion réussie pour l'utilisateur : FMT200907@outlook.com
Test write
[2024-12-26 02:18:11] Test write successful to debug log.
[2024-12-26 02:18:11] Debug log initialized at: D:\OneDrive\Sorbonne\IOT\TP4\Code\Website\debug.log
[2024-12-26 02:18:11] Received data: Array
(
    [action] => login
    [email] => FMT200907@outlook.com
    [password] => 38796653aA
)

[2024-12-26 02:18:11] Connected successfully to MySQL.
[2024-12-26 02:18:11] Connexion à MySQL réussie.
[2024-12-26 02:18:11] Table `users` initialized.
[2024-12-26 02:18:11] Connexion réussie pour l'utilisateur : FMT200907@outlook.com
[2024-12-27 00:33:50] Error: RSA key files not found.
[2024-12-27 00:33:56] Error: RSA key files not found.
Public Key API Triggered
Public Key API Triggered
Public Key API Triggered
Public Key API Triggered
Public Key API Triggered
Public Key API Triggered
Public Key API Triggered
Public Key API Triggered
Public Key API Triggered
Public Key API Triggered
Public Key API Triggered
Public Key API Triggered
Public Key API Triggered
Public Key API Triggered
Public Key API Triggered
Public Key API Triggered
Public Key API Triggered
Public Key API Triggered
