[26-Dec-2024 00:55:41 Europe/Berlin] PHP Deprecated:  file_put_contents(): Passing null to parameter #1 ($filename) of type string is deprecated in D:\OneDrive\Sorbonne\IOT\TP4\Code\Website\action_page.php on line 24
[26-Dec-2024 00:55:41 Europe/Berlin] PHP Fatal error:  Uncaught ValueError: Path cannot be empty in D:\OneDrive\Sorbonne\IOT\TP4\Code\Website\action_page.php:24
Stack trace:
#0 D:\OneDrive\Sorbonne\IOT\TP4\Code\Website\action_page.php(24): file_put_contents('', '[2024-12-26 00:...', 8)
#1 D:\OneDrive\Sorbonne\IOT\TP4\Code\Website\action_page.php(15): writeDebugLog('Received data: ')
#2 {main}
  thrown in D:\OneDrive\Sorbonne\IOT\TP4\Code\Website\action_page.php on line 24
[26-Dec-2024 00:55:42 Europe/Berlin] PHP Deprecated:  file_put_contents(): Passing null to parameter #1 ($filename) of type string is deprecated in D:\OneDrive\Sorbonne\IOT\TP4\Code\Website\action_page.php on line 24
[26-Dec-2024 00:55:42 Europe/Berlin] PHP Fatal error:  Uncaught ValueError: Path cannot be empty in D:\OneDrive\Sorbonne\IOT\TP4\Code\Website\action_page.php:24
Stack trace:
#0 D:\OneDrive\Sorbonne\IOT\TP4\Code\Website\action_page.php(24): file_put_contents('', '[2024-12-26 00:...', 8)
#1 D:\OneDrive\Sorbonne\IOT\TP4\Code\Website\action_page.php(15): writeDebugLog('Received data: ')
#2 {main}
  thrown in D:\OneDrive\Sorbonne\IOT\TP4\Code\Website\action_page.php on line 24
[26-Dec-2024 00:59:12 Europe/Berlin] Debug log file path is empty.
[26-Dec-2024 00:59:46 Europe/Berlin] Debug log file path is empty.
[26-Dec-2024 00:59:46 Europe/Berlin] PHP Fatal error:  Uncaught mysqli_sql_exception: Access denied for user 'root'@'localhost' (using password: NO) in D:\OneDrive\Sorbonne\IOT\TP4\Code\Website\action_page.php:62
Stack trace:
#0 D:\OneDrive\Sorbonne\IOT\TP4\Code\Website\action_page.php(62): mysqli->__construct('localhost', 'root', Object(SensitiveParameterValue))
#1 {main}
  thrown in D:\OneDrive\Sorbonne\IOT\TP4\Code\Website\action_page.php on line 62
[26-Dec-2024 01:18:28 Europe/Berlin] Debug log file path is empty.
[26-Dec-2024 01:18:28 Europe/Berlin] Debug log file path is empty.
[26-Dec-2024 01:18:37 Europe/Berlin] Debug log file path is empty.
[26-Dec-2024 01:18:37 Europe/Berlin] Debug log file path is empty.
[26-Dec-2024 01:18:47 Europe/Berlin] Debug log file path is empty.
[26-Dec-2024 01:18:47 Europe/Berlin] Debug log file path is empty.
[26-Dec-2024 01:18:47 Europe/Berlin] PHP Fatal error:  Uncaught mysqli_sql_exception: Duplicate entry 'FMT200907@outlook.com' for key 'email' in D:\OneDrive\Sorbonne\IOT\TP4\Code\Website\action_page.php:131
Stack trace:
#0 D:\OneDrive\Sorbonne\IOT\TP4\Code\Website\action_page.php(131): mysqli_stmt->execute()
#1 {main}
  thrown in D:\OneDrive\Sorbonne\IOT\TP4\Code\Website\action_page.php on line 131
[26-Dec-2024 01:18:53 Europe/Berlin] Debug log file path is empty.
[26-Dec-2024 01:18:53 Europe/Berlin] Debug log file path is empty.
[26-Dec-2024 01:18:54 Europe/Berlin] PHP Fatal error:  Uncaught mysqli_sql_exception: Duplicate entry 'FMT200907@outlook.com' for key 'email' in D:\OneDrive\Sorbonne\IOT\TP4\Code\Website\action_page.php:131
Stack trace:
#0 D:\OneDrive\Sorbonne\IOT\TP4\Code\Website\action_page.php(131): mysqli_stmt->execute()
#1 {main}
  thrown in D:\OneDrive\Sorbonne\IOT\TP4\Code\Website\action_page.php on line 131
[26-Dec-2024 01:29:05 Europe/Berlin] Debug log file path is empty.
[26-Dec-2024 01:29:05 Europe/Berlin] Debug log file path is empty.
[26-Dec-2024 01:29:05 Europe/Berlin] PHP Fatal error:  Uncaught mysqli_sql_exception: Access denied for user 'username'@'localhost' (using password: YES) in D:\OneDrive\Sorbonne\IOT\TP4\Code\Website\action_page.php:80
Stack trace:
#0 D:\OneDrive\Sorbonne\IOT\TP4\Code\Website\action_page.php(80): mysqli->__construct('localhost', 'username', Object(SensitiveParameterValue), 'database')
#1 {main}
  thrown in D:\OneDrive\Sorbonne\IOT\TP4\Code\Website\action_page.php on line 80
[26-Dec-2024 01:29:08 Europe/Berlin] Debug log file path is empty.
[26-Dec-2024 01:29:08 Europe/Berlin] Debug log file path is empty.
[26-Dec-2024 01:32:20 Europe/Berlin] Debug log file path is empty.
[26-Dec-2024 01:32:44 Europe/Berlin] Debug log file path is empty.
[26-Dec-2024 01:32:51 Europe/Berlin] Debug log file path is empty.
[26-Dec-2024 01:34:33 Europe/Berlin] Debug log file path is empty.
[26-Dec-2024 01:35:26 Europe/Berlin] Debug log file path is empty.
[26-Dec-2024 01:51:29 Europe/Berlin] Debug log file path is empty.
[26-Dec-2024 01:55:50 Europe/Berlin] Debug log file path is empty.
[26-Dec-2024 01:56:04 Europe/Berlin] Debug log file path is empty.
[26-Dec-2024 02:04:32 Europe/Berlin] PHP Parse error:  syntax error, unexpected token ":", expecting "]" in D:\OneDrive\Sorbonne\IOT\TP4\Code\Website\action_page.php on line 148
[26-Dec-2024 02:06:16 Europe/Berlin] Debug log file path is empty.
[26-Dec-2024 02:08:38 Europe/Berlin] Debug log file path is empty.
[26-Dec-2024 02:09:09 Europe/Berlin] Debug log file path is empty.
[26-Dec-2024 02:09:12 Europe/Berlin] Debug log file path is empty.
[26-Dec-2024 02:09:49 Europe/Berlin] Debug log file path is empty.
[26-Dec-2024 02:10:00 Europe/Berlin] Debug log file path is empty.
[26-Dec-2024 02:14:35 Europe/Berlin] Debug log file path is empty.
[26-Dec-2024 02:15:40 Europe/Berlin] Debug log file path is empty.
[26-Dec-2024 02:15:50 Europe/Berlin] Debug log file path is empty.
[26-Dec-2024 02:18:11 Europe/Berlin] Debug log file path is empty.
[27-Dec-2024 00:55:58 Europe/Berlin] PHP Warning:  openssl_pkey_export(): Cannot get key from parameter 1 in D:\OneDrive\Sorbonne\IOT\TP4\Code\Website\action_page.php on line 29
[27-Dec-2024 00:55:58 Europe/Berlin] PHP Fatal error:  Uncaught TypeError: openssl_pkey_get_details(): Argument #1 ($key) must be of type OpenSSLAsymmetricKey, bool given in D:\OneDrive\Sorbonne\IOT\TP4\Code\Website\action_page.php:31
Stack trace:
#0 D:\OneDrive\Sorbonne\IOT\TP4\Code\Website\action_page.php(31): openssl_pkey_get_details(false)
#1 {main}
  thrown in D:\OneDrive\Sorbonne\IOT\TP4\Code\Website\action_page.php on line 31
[27-Dec-2024 00:55:59 Europe/Berlin] PHP Warning:  openssl_pkey_export(): Cannot get key from parameter 1 in D:\OneDrive\Sorbonne\IOT\TP4\Code\Website\action_page.php on line 29
[27-Dec-2024 00:55:59 Europe/Berlin] PHP Fatal error:  Uncaught TypeError: openssl_pkey_get_details(): Argument #1 ($key) must be of type OpenSSLAsymmetricKey, bool given in D:\OneDrive\Sorbonne\IOT\TP4\Code\Website\action_page.php:31
Stack trace:
#0 D:\OneDrive\Sorbonne\IOT\TP4\Code\Website\action_page.php(31): openssl_pkey_get_details(false)
#1 {main}
  thrown in D:\OneDrive\Sorbonne\IOT\TP4\Code\Website\action_page.php on line 31
[27-Dec-2024 00:56:03 Europe/Berlin] PHP Warning:  openssl_pkey_export(): Cannot get key from parameter 1 in D:\OneDrive\Sorbonne\IOT\TP4\Code\Website\action_page.php on line 29
[27-Dec-2024 00:56:03 Europe/Berlin] PHP Fatal error:  Uncaught TypeError: openssl_pkey_get_details(): Argument #1 ($key) must be of type OpenSSLAsymmetricKey, bool given in D:\OneDrive\Sorbonne\IOT\TP4\Code\Website\action_page.php:31
Stack trace:
#0 D:\OneDrive\Sorbonne\IOT\TP4\Code\Website\action_page.php(31): openssl_pkey_get_details(false)
#1 {main}
  thrown in D:\OneDrive\Sorbonne\IOT\TP4\Code\Website\action_page.php on line 31
[27-Dec-2024 00:56:10 Europe/Berlin] PHP Warning:  openssl_pkey_export(): Cannot get key from parameter 1 in D:\OneDrive\Sorbonne\IOT\TP4\Code\Website\action_page.php on line 29
[27-Dec-2024 00:56:10 Europe/Berlin] PHP Fatal error:  Uncaught TypeError: openssl_pkey_get_details(): Argument #1 ($key) must be of type OpenSSLAsymmetricKey, bool given in D:\OneDrive\Sorbonne\IOT\TP4\Code\Website\action_page.php:31
Stack trace:
#0 D:\OneDrive\Sorbonne\IOT\TP4\Code\Website\action_page.php(31): openssl_pkey_get_details(false)
#1 {main}
  thrown in D:\OneDrive\Sorbonne\IOT\TP4\Code\Website\action_page.php on line 31
[27-Dec-2024 00:56:12 Europe/Berlin] PHP Warning:  openssl_pkey_export(): Cannot get key from parameter 1 in D:\OneDrive\Sorbonne\IOT\TP4\Code\Website\action_page.php on line 29
[27-Dec-2024 00:56:12 Europe/Berlin] PHP Fatal error:  Uncaught TypeError: openssl_pkey_get_details(): Argument #1 ($key) must be of type OpenSSLAsymmetricKey, bool given in D:\OneDrive\Sorbonne\IOT\TP4\Code\Website\action_page.php:31
Stack trace:
#0 D:\OneDrive\Sorbonne\IOT\TP4\Code\Website\action_page.php(31): openssl_pkey_get_details(false)
#1 {main}
  thrown in D:\OneDrive\Sorbonne\IOT\TP4\Code\Website\action_page.php on line 31
[27-Dec-2024 00:56:13 Europe/Berlin] PHP Warning:  openssl_pkey_export(): Cannot get key from parameter 1 in D:\OneDrive\Sorbonne\IOT\TP4\Code\Website\action_page.php on line 29
[27-Dec-2024 00:56:13 Europe/Berlin] PHP Fatal error:  Uncaught TypeError: openssl_pkey_get_details(): Argument #1 ($key) must be of type OpenSSLAsymmetricKey, bool given in D:\OneDrive\Sorbonne\IOT\TP4\Code\Website\action_page.php:31
Stack trace:
#0 D:\OneDrive\Sorbonne\IOT\TP4\Code\Website\action_page.php(31): openssl_pkey_get_details(false)
#1 {main}
  thrown in D:\OneDrive\Sorbonne\IOT\TP4\Code\Website\action_page.php on line 31
[27-Dec-2024 00:56:15 Europe/Berlin] PHP Warning:  openssl_pkey_export(): Cannot get key from parameter 1 in D:\OneDrive\Sorbonne\IOT\TP4\Code\Website\action_page.php on line 29
[27-Dec-2024 00:56:15 Europe/Berlin] PHP Fatal error:  Uncaught TypeError: openssl_pkey_get_details(): Argument #1 ($key) must be of type OpenSSLAsymmetricKey, bool given in D:\OneDrive\Sorbonne\IOT\TP4\Code\Website\action_page.php:31
Stack trace:
#0 D:\OneDrive\Sorbonne\IOT\TP4\Code\Website\action_page.php(31): openssl_pkey_get_details(false)
#1 {main}
  thrown in D:\OneDrive\Sorbonne\IOT\TP4\Code\Website\action_page.php on line 31
[27-Dec-2024 00:56:20 Europe/Berlin] PHP Warning:  openssl_pkey_export(): Cannot get key from parameter 1 in D:\OneDrive\Sorbonne\IOT\TP4\Code\Website\action_page.php on line 29
[27-Dec-2024 00:56:20 Europe/Berlin] PHP Fatal error:  Uncaught TypeError: openssl_pkey_get_details(): Argument #1 ($key) must be of type OpenSSLAsymmetricKey, bool given in D:\OneDrive\Sorbonne\IOT\TP4\Code\Website\action_page.php:31
Stack trace:
#0 D:\OneDrive\Sorbonne\IOT\TP4\Code\Website\action_page.php(31): openssl_pkey_get_details(false)
#1 {main}
  thrown in D:\OneDrive\Sorbonne\IOT\TP4\Code\Website\action_page.php on line 31
[27-Dec-2024 01:19:44 Europe/Berlin] PHP Warning:  openssl_pkey_export(): Cannot get key from parameter 1 in D:\OneDrive\Sorbonne\IOT\TP4\Code\Website\action_page.php on line 29
[27-Dec-2024 01:19:44 Europe/Berlin] PHP Fatal error:  Uncaught TypeError: openssl_pkey_get_details(): Argument #1 ($key) must be of type OpenSSLAsymmetricKey, bool given in D:\OneDrive\Sorbonne\IOT\TP4\Code\Website\action_page.php:31
Stack trace:
#0 D:\OneDrive\Sorbonne\IOT\TP4\Code\Website\action_page.php(31): openssl_pkey_get_details(false)
#1 {main}
  thrown in D:\OneDrive\Sorbonne\IOT\TP4\Code\Website\action_page.php on line 31
[27-Dec-2024 01:19:48 Europe/Berlin] PHP Warning:  openssl_pkey_export(): Cannot get key from parameter 1 in D:\OneDrive\Sorbonne\IOT\TP4\Code\Website\action_page.php on line 29
[27-Dec-2024 01:19:48 Europe/Berlin] PHP Fatal error:  Uncaught TypeError: openssl_pkey_get_details(): Argument #1 ($key) must be of type OpenSSLAsymmetricKey, bool given in D:\OneDrive\Sorbonne\IOT\TP4\Code\Website\action_page.php:31
Stack trace:
#0 D:\OneDrive\Sorbonne\IOT\TP4\Code\Website\action_page.php(31): openssl_pkey_get_details(false)
#1 {main}
  thrown in D:\OneDrive\Sorbonne\IOT\TP4\Code\Website\action_page.php on line 31
[27-Dec-2024 01:46:49 Europe/Berlin] PHP Warning:  openssl_pkey_export(): Cannot get key from parameter 1 in D:\OneDrive\Sorbonne\IOT\TP4\Code\Website\action_page.php on line 29
[27-Dec-2024 01:46:49 Europe/Berlin] PHP Fatal error:  Uncaught TypeError: openssl_pkey_get_details(): Argument #1 ($key) must be of type OpenSSLAsymmetricKey, bool given in D:\OneDrive\Sorbonne\IOT\TP4\Code\Website\action_page.php:31
Stack trace:
#0 D:\OneDrive\Sorbonne\IOT\TP4\Code\Website\action_page.php(31): openssl_pkey_get_details(false)
#1 {main}
  thrown in D:\OneDrive\Sorbonne\IOT\TP4\Code\Website\action_page.php on line 31
[27-Dec-2024 00:52:41 UTC] PHP Warning:  Module "openssl" is already loaded in Unknown on line 0
[27-Dec-2024 00:52:41 UTC] PHP Warning:  Module "openssl" is already loaded in Unknown on line 0
[27-Dec-2024 01:53:07 Europe/Berlin] PHP Warning:  openssl_pkey_export(): Cannot get key from parameter 1 in D:\OneDrive\Sorbonne\IOT\TP4\Code\Website\action_page.php on line 29
[27-Dec-2024 01:53:14 Europe/Berlin] PHP Warning:  openssl_pkey_export(): Cannot get key from parameter 1 in D:\OneDrive\Sorbonne\IOT\TP4\Code\Website\action_page.php on line 29
[27-Dec-2024 01:53:20 Europe/Berlin] PHP Warning:  openssl_pkey_export(): Cannot get key from parameter 1 in D:\OneDrive\Sorbonne\IOT\TP4\Code\Website\action_page.php on line 29
[27-Dec-2024 01:53:26 Europe/Berlin] PHP Warning:  openssl_pkey_export(): Cannot get key from parameter 1 in D:\OneDrive\Sorbonne\IOT\TP4\Code\Website\action_page.php on line 29
[27-Dec-2024 01:53:32 Europe/Berlin] PHP Warning:  openssl_pkey_export(): Cannot get key from parameter 1 in D:\OneDrive\Sorbonne\IOT\TP4\Code\Website\action_page.php on line 29
[27-Dec-2024 01:53:37 Europe/Berlin] PHP Warning:  openssl_pkey_export(): Cannot get key from parameter 1 in D:\OneDrive\Sorbonne\IOT\TP4\Code\Website\action_page.php on line 29
[27-Dec-2024 01:53:45 Europe/Berlin] PHP Warning:  openssl_pkey_export(): Cannot get key from parameter 1 in D:\OneDrive\Sorbonne\IOT\TP4\Code\Website\action_page.php on line 29
[27-Dec-2024 01:54:38 Europe/Berlin] PHP Warning:  openssl_pkey_export(): Cannot get key from parameter 1 in D:\OneDrive\Sorbonne\IOT\TP4\Code\Website\action_page.php on line 29
[27-Dec-2024 00:59:56 UTC] PHP Warning:  Module "openssl" is already loaded in Unknown on line 0
[27-Dec-2024 00:59:56 UTC] PHP Warning:  Module "openssl" is already loaded in Unknown on line 0
[27-Dec-2024 01:06:17 UTC] PHP Warning:  Module "openssl" is already loaded in Unknown on line 0
[27-Dec-2024 01:06:17 UTC] PHP Warning:  Module "openssl" is already loaded in Unknown on line 0
[27-Dec-2024 01:14:07 UTC] PHP Warning:  Module "openssl" is already loaded in Unknown on line 0
[27-Dec-2024 01:14:08 UTC] PHP Warning:  Module "openssl" is already loaded in Unknown on line 0
[27-Dec-2024 01:16:17 UTC] PHP Warning:  Module "openssl" is already loaded in Unknown on line 0
[27-Dec-2024 01:16:18 UTC] PHP Warning:  Module "openssl" is already loaded in Unknown on line 0
[27-Dec-2024 01:18:24 UTC] PHP Warning:  Module "openssl" is already loaded in Unknown on line 0
[27-Dec-2024 01:18:24 UTC] PHP Warning:  Module "openssl" is already loaded in Unknown on line 0
[27-Dec-2024 21:48:31 UTC] PHP Warning:  Module "openssl" is already loaded in Unknown on line 0
[27-Dec-2024 21:48:31 UTC] PHP Warning:  Module "openssl" is already loaded in Unknown on line 0
[27-Dec-2024 22:12:33 UTC] PHP Warning:  Module "openssl" is already loaded in Unknown on line 0
[27-Dec-2024 22:12:33 UTC] PHP Warning:  Module "openssl" is already loaded in Unknown on line 0
[28-Dec-2024 00:53:09 Europe/Berlin] PHP Fatal error:  Uncaught Error: Class "PHPMailer\PHPMailer\PHPMailer" not found in D:\OneDrive\Sorbonne\IOT\TP4\Code\Website\action_page.php:133
Stack trace:
#0 D:\OneDrive\Sorbonne\IOT\TP4\Code\Website\action_page.php(181): sendVerificationCode('FMT200907@outlo...')
#1 {main}
  thrown in D:\OneDrive\Sorbonne\IOT\TP4\Code\Website\action_page.php on line 133
[28-Dec-2024 00:20:33 UTC] PHP Warning:  Module "openssl" is already loaded in Unknown on line 0
[28-Dec-2024 00:20:54 UTC] PHP Warning:  Module "openssl" is already loaded in Unknown on line 0
[28-Dec-2024 01:40:01 Europe/Berlin] PHP Fatal error:  Maximum execution time of 120 seconds exceeded in D:\OneDrive\Sorbonne\IOT\TP4\Code\Website\vendor\phpmailer\phpmailer\src\SMTP.php on line 1281
[28-Dec-2024 01:40:01 Europe/Berlin] PHP Fatal error:  Maximum execution time of 120 seconds exceeded in D:\OneDrive\Sorbonne\IOT\TP4\Code\Website\action_page.php on line 193
[28-Dec-2024 01:40:01 Europe/Berlin] PHP Fatal error:  Maximum execution time of 120 seconds exceeded in D:\OneDrive\Sorbonne\IOT\TP4\Code\Website\action_page.php on line 193
[28-Dec-2024 01:40:01 Europe/Berlin] PHP Fatal error:  Maximum execution time of 120 seconds exceeded in D:\OneDrive\Sorbonne\IOT\TP4\Code\Website\action_page.php on line 193
[28-Dec-2024 01:40:01 Europe/Berlin] PHP Fatal error:  Maximum execution time of 120 seconds exceeded in D:\OneDrive\Sorbonne\IOT\TP4\Code\Website\action_page.php on line 193
[28-Dec-2024 01:40:01 Europe/Berlin] PHP Fatal error:  Maximum execution time of 120 seconds exceeded in D:\OneDrive\Sorbonne\IOT\TP4\Code\Website\action_page.php on line 193
[28-Dec-2024 01:40:01 Europe/Berlin] PHP Fatal error:  Maximum execution time of 120 seconds exceeded in D:\OneDrive\Sorbonne\IOT\TP4\Code\Website\action_page.php on line 193
[28-Dec-2024 01:40:01 Europe/Berlin] PHP Fatal error:  Maximum execution time of 120 seconds exceeded in D:\OneDrive\Sorbonne\IOT\TP4\Code\Website\action_page.php on line 193
[28-Dec-2024 02:01:50 Europe/Berlin] PHP Fatal error:  Maximum execution time of 120 seconds exceeded in D:\OneDrive\Sorbonne\IOT\TP4\Code\Website\vendor\phpmailer\phpmailer\src\SMTP.php on line 1281
[28-Dec-2024 02:05:03 Europe/Berlin] PHP Fatal error:  Maximum execution time of 120 seconds exceeded in D:\OneDrive\Sorbonne\IOT\TP4\Code\Website\vendor\phpmailer\phpmailer\src\SMTP.php on line 1281
[28-Dec-2024 02:12:15 Europe/Berlin] PHP Fatal error:  Maximum execution time of 120 seconds exceeded in D:\OneDrive\Sorbonne\IOT\TP4\Code\Website\vendor\phpmailer\phpmailer\src\SMTP.php on line 1281
[28-Dec-2024 02:17:52 Europe/Berlin] PHP Fatal error:  Maximum execution time of 120 seconds exceeded in D:\OneDrive\Sorbonne\IOT\TP4\Code\Website\vendor\phpmailer\phpmailer\src\SMTP.php on line 1281
[28-Dec-2024 02:18:34 Europe/Berlin] PHP Fatal error:  Maximum execution time of 120 seconds exceeded in D:\OneDrive\Sorbonne\IOT\TP4\Code\Website\vendor\phpmailer\phpmailer\src\SMTP.php on line 1281
[28-Dec-2024 02:23:49 Europe/Berlin] PHP Fatal error:  Maximum execution time of 20 seconds exceeded in D:\OneDrive\Sorbonne\IOT\TP4\Code\Website\vendor\phpmailer\phpmailer\src\SMTP.php on line 1281
[28-Dec-2024 02:33:11 Europe/Berlin] PHP Fatal error:  Maximum execution time of 300 seconds exceeded in D:\OneDrive\Sorbonne\IOT\TP4\Code\Website\vendor\phpmailer\phpmailer\src\SMTP.php on line 1281
[28-Dec-2024 02:33:39 Europe/Berlin] PHP Fatal error:  Maximum execution time of 60 seconds exceeded in D:\OneDrive\Sorbonne\IOT\TP4\Code\Website\vendor\phpmailer\phpmailer\src\SMTP.php on line 1281
[28-Dec-2024 02:47:01 Europe/Berlin] PHP Fatal error:  Maximum execution time of 120 seconds exceeded in D:\OneDrive\Sorbonne\IOT\TP4\Code\Website\vendor\phpmailer\phpmailer\src\SMTP.php on line 1281
